10thGrade/VirtualMuseum/app/build/outputs/logs/manifest-merger-debug-report.txt
-- Merging decision tree log ---
manifest
ADDED from src/main/AndroidManifest.xml:2:1-45:12
INJECTED from src/main/AndroidManifest.xml:2:1-45:12
INJECTED from src/main/AndroidManifest.xml:2:1-45:12
INJECTED from src/main/AndroidManifest.xml:2:1-45:12
MERGED from [com.android.support.constraint:constraint-layout:1.1.3] AndroidManifest.xml:2:1-11:12
INJECTED from src/main/AndroidManifest.xml:2:1-45:12
INJECTED from src/main/AndroidManifest.xml:2:1-45:12
INJECTED from src/main/AndroidManifest.xml:2:1-45:12
	package
		ADDED from src/main/AndroidManifest.xml:3:5-48
		INJECTED from src/main/AndroidManifest.xml
		INJECTED from src/main/AndroidManifest.xml
	android:versionName
		INJECTED from src/main/AndroidManifest.xml
		ADDED from src/main/AndroidManifest.xml:2:1-45:12
		INJECTED from src/main/AndroidManifest.xml
	android:versionCode
		INJECTED from src/main/AndroidManifest.xml
		ADDED from src/main/AndroidManifest.xml:2:1-45:12
		INJECTED from src/main/AndroidManifest.xml
	xmlns:android
		ADDED from src/main/AndroidManifest.xml:2:11-69
application
ADDED from src/main/AndroidManifest.xml:5:5-44:19
MERGED from [com.android.support.constraint:constraint-layout:1.1.3] AndroidManifest.xml:9:5-20
MERGED from [com.android.support.constraint:constraint-layout:1.1.3] AndroidManifest.xml:9:5-20
	android:supportsRtl
		ADDED from src/main/AndroidManifest.xml:10:9-35
	android:label
		ADDED from src/main/AndroidManifest.xml:8:9-41
	android:roundIcon
		ADDED from src/main/AndroidManifest.xml:9:9-54
	android:icon
		ADDED from src/main/AndroidManifest.xml:7:9-43
	android:allowBackup
		ADDED from src/main/AndroidManifest.xml:6:9-35
	android:theme
		ADDED from src/main/AndroidManifest.xml:11:9-40
activity#com.example.student.virtualmuseum.MainActivity
ADDED from src/main/AndroidManifest.xml:12:9-19:20
	android:name
		ADDED from src/main/AndroidManifest.xml:12:19-47
intent-filter#action:name:android.intent.action.MAIN+category:name:android.intent.category.LAUNCHER
ADDED from src/main/AndroidManifest.xml:14:13-18:29
action#android.intent.action.MAIN
ADDED from src/main/AndroidManifest.xml:15:17-69
	android:name
		ADDED from src/main/AndroidManifest.xml:15:25-66
category#android.intent.category.LAUNCHER
ADDED from src/main/AndroidManifest.xml:17:17-77
	android:name
		ADDED from src/main/AndroidManifest.xml:17:27-74
activity#com.example.student.virtualmuseum.GodsActivity
ADDED from src/main/AndroidManifest.xml:20:9-27:20
	android:name
		ADDED from src/main/AndroidManifest.xml:20:19-47
activity#com.example.student.virtualmuseum.GoddessesActivity
ADDED from src/main/AndroidManifest.xml:28:9-35:20
	android:name
		ADDED from src/main/AndroidManifest.xml:28:19-52
activity#com.example.student.virtualmuseum.RulersActivity
ADDED from src/main/AndroidManifest.xml:36:9-43:20
	android:name
		ADDED from src/main/AndroidManifest.xml:36:19-49
uses-sdk
INJECTED from src/main/AndroidManifest.xml reason: use-sdk injection requested
INJECTED from src/main/AndroidManifest.xml
INJECTED from src/main/AndroidManifest.xml
MERGED from [com.android.support.constraint:constraint-layout:1.1.3] AndroidManifest.xml:5:5-7:41
MERGED from [com.android.support.constraint:constraint-layout:1.1.3] AndroidManifest.xml:5:5-7:41
INJECTED from src/main/AndroidManifest.xml
INJECTED from src/main/AndroidManifest.xml
	android:targetSdkVersion
		INJECTED from src/main/AndroidManifest.xml
		ADDED from src/main/AndroidManifest.xml
		INJECTED from src/main/AndroidManifest.xml
	android:minSdkVersion
		INJECTED from src/main/AndroidManifest.xml
		ADDED from src/main/AndroidManifest.xml
		INJECTED from src/main/AndroidManifest.xml